<?xml version="1.0" encoding="UTF-8"?>
<!-- Generated by org.testng.reporters.JUnitXMLReporter -->
<testsuite hostname="DESKTOP-NCQP8K2" ignored="0" name="Default test" tests="5" failures="0" timestamp="2020-08-14T16:42:14 IST" time="37.928" errors="0">
  <testcase name="duplicateSignUp" time="1.297" classname="Bustle.Test.SignUpTest"/>
  <testcase name="invalidSignUp1" time="0.338" classname="Bustle.Test.SignUpTest"/>
  <testcase name="invalidSignUp2" time="0.341" classname="Bustle.Test.SignUpTest"/>
  <testcase name="invalidSignUp3" time="0.438" classname="Bustle.Test.SignUpTest"/>
  <testcase name="verifySignUpPage" time="0.07" classname="Bustle.Test.SignUpTest"/>
</testsuite> <!-- Default test -->
